[2026-06-20 00:00:03] sla_check START
[2026-06-20 00:00:03] SLA overdue flagged: 0
[2026-06-20 00:00:03] Priority scores recalculated
[2026-06-20 00:00:03] sla_check END
[2026-06-20 00:00:04] alerts START
[2026-06-20 00:00:04]   deadline_alerts: 1 sent
[2026-06-20 00:00:04]   critical_unassigned: 0 sent
[2026-06-20 00:00:04]   high_revision: 0 sent
[2026-06-20 00:00:04]   overload_alerts: 0 sent
[2026-06-20 00:00:04] alerts END — total sent: 1
[2026-06-20 00:30:03] sla_check START
[2026-06-20 00:30:03] SLA overdue flagged: 0
[2026-06-20 00:30:03] Priority scores recalculated
[2026-06-20 00:30:03] sla_check END
[2026-06-20 01:00:03] sla_check START
[2026-06-20 01:00:03] SLA overdue flagged: 0
[2026-06-20 01:00:03] Priority scores recalculated
[2026-06-20 01:00:03] sla_check END
[2026-06-20 01:00:03] alerts START
[2026-06-20 01:00:03]   deadline_alerts: 0 sent
[2026-06-20 01:00:03]   critical_unassigned: 0 sent
[2026-06-20 01:00:03]   high_revision: 0 sent
[2026-06-20 01:00:03]   overload_alerts: 0 sent
[2026-06-20 01:00:03] alerts END — total sent: 0
[2026-06-20 01:30:03] sla_check START
[2026-06-20 01:30:03] SLA overdue flagged: 0
[2026-06-20 01:30:03] Priority scores recalculated
[2026-06-20 01:30:03] sla_check END
[2026-06-20 02:00:03] sla_check START
[2026-06-20 02:00:03] alerts START
[2026-06-20 02:00:03] SLA overdue flagged: 0
[2026-06-20 02:00:03] Priority scores recalculated
[2026-06-20 02:00:03] sla_check END
[2026-06-20 02:00:03]   deadline_alerts: 0 sent
[2026-06-20 02:00:03]   critical_unassigned: 0 sent
[2026-06-20 02:00:03]   high_revision: 0 sent
[2026-06-20 02:00:03]   overload_alerts: 0 sent
[2026-06-20 02:00:03] alerts END — total sent: 0
[2026-06-20 02:30:03] sla_check START
[2026-06-20 02:30:03] SLA overdue flagged: 0
[2026-06-20 02:30:03] Priority scores recalculated
[2026-06-20 02:30:03] sla_check END
