[2026-06-17 00:00:04] alerts START
[2026-06-17 00:00:04] sla_check START
[2026-06-17 00:00:04] SLA overdue flagged: 0
[2026-06-17 00:00:04] Priority scores recalculated
[2026-06-17 00:00:04] sla_check END
[2026-06-17 00:00:04]   deadline_alerts: 0 sent
[2026-06-17 00:00:04]   critical_unassigned: 0 sent
[2026-06-17 00:00:04]   high_revision: 0 sent
[2026-06-17 00:00:04]   overload_alerts: 0 sent
[2026-06-17 00:00:04] alerts END — total sent: 0
[2026-06-17 00:30:03] sla_check START
[2026-06-17 00:30:03] SLA overdue flagged: 0
[2026-06-17 00:30:03] Priority scores recalculated
[2026-06-17 00:30:03] sla_check END
[2026-06-17 01:00:03] alerts START
[2026-06-17 01:00:03]   deadline_alerts: 0 sent
[2026-06-17 01:00:03]   critical_unassigned: 0 sent
[2026-06-17 01:00:03]   high_revision: 0 sent
[2026-06-17 01:00:03]   overload_alerts: 0 sent
[2026-06-17 01:00:03] alerts END — total sent: 0
[2026-06-17 01:00:04] sla_check START
[2026-06-17 01:00:04] SLA overdue flagged: 0
[2026-06-17 01:00:04] Priority scores recalculated
[2026-06-17 01:00:04] sla_check END
[2026-06-17 01:30:03] sla_check START
[2026-06-17 01:30:03] SLA overdue flagged: 0
[2026-06-17 01:30:03] Priority scores recalculated
[2026-06-17 01:30:03] sla_check END
[2026-06-17 02:00:02] sla_check START
[2026-06-17 02:00:02] SLA overdue flagged: 0
[2026-06-17 02:00:02] Priority scores recalculated
[2026-06-17 02:00:02] sla_check END
[2026-06-17 02:00:03] alerts START
[2026-06-17 02:00:03]   deadline_alerts: 0 sent
[2026-06-17 02:00:03]   critical_unassigned: 0 sent
[2026-06-17 02:00:03]   high_revision: 0 sent
[2026-06-17 02:00:03]   overload_alerts: 0 sent
[2026-06-17 02:00:03] alerts END — total sent: 0
[2026-06-17 02:30:03] sla_check START
[2026-06-17 02:30:03] SLA overdue flagged: 0
[2026-06-17 02:30:03] Priority scores recalculated
[2026-06-17 02:30:03] sla_check END
[2026-06-17 03:00:04] sla_check START
[2026-06-17 03:00:04] alerts START
[2026-06-17 03:00:04] SLA overdue flagged: 0
[2026-06-17 03:00:04] Priority scores recalculated
[2026-06-17 03:00:04] sla_check END
[2026-06-17 03:00:04]   deadline_alerts: 0 sent
[2026-06-17 03:00:04]   critical_unassigned: 0 sent
[2026-06-17 03:00:04]   high_revision: 0 sent
[2026-06-17 03:00:04]   overload_alerts: 0 sent
[2026-06-17 03:00:04] alerts END — total sent: 0
[2026-06-17 03:30:04] sla_check START
[2026-06-17 03:30:04] SLA overdue flagged: 0
[2026-06-17 03:30:04] Priority scores recalculated
[2026-06-17 03:30:04] sla_check END
[2026-06-17 04:00:02] alerts START
[2026-06-17 04:00:02] sla_check START
[2026-06-17 04:00:03]   deadline_alerts: 0 sent
[2026-06-17 04:00:03]   critical_unassigned: 0 sent
[2026-06-17 04:00:03]   high_revision: 0 sent
[2026-06-17 04:00:03]   overload_alerts: 0 sent
[2026-06-17 04:00:03] alerts END — total sent: 0
[2026-06-17 04:00:03] SLA overdue flagged: 0
[2026-06-17 04:00:03] Priority scores recalculated
[2026-06-17 04:00:03] sla_check END
[2026-06-17 04:30:02] sla_check START
[2026-06-17 04:30:02] SLA overdue flagged: 0
[2026-06-17 04:30:02] Priority scores recalculated
[2026-06-17 04:30:02] sla_check END
[2026-06-17 05:00:04] alerts START
[2026-06-17 05:00:05] sla_check START
[2026-06-17 05:00:05] SLA overdue flagged: 0
[2026-06-17 05:00:05] Priority scores recalculated
[2026-06-17 05:00:05]   deadline_alerts: 0 sent
[2026-06-17 05:00:05]   critical_unassigned: 0 sent
[2026-06-17 05:00:05]   high_revision: 0 sent
[2026-06-17 05:00:05]   overload_alerts: 0 sent
[2026-06-17 05:00:05] alerts END — total sent: 0
[2026-06-17 05:00:05] sla_check END
[2026-06-17 05:30:03] sla_check START
[2026-06-17 05:30:03] SLA overdue flagged: 0
[2026-06-17 05:30:03] Priority scores recalculated
[2026-06-17 05:30:03] sla_check END
[2026-06-17 06:00:05] ai_daily_briefing START
[2026-06-17 06:00:05] alerts START
[2026-06-17 06:00:06] sla_check START
[2026-06-17 06:00:06] SLA overdue flagged: 0
[2026-06-17 06:00:06] Priority scores recalculated
[2026-06-17 06:00:06] sla_check END
[2026-06-17 06:00:06]   deadline_alerts: 0 sent
[2026-06-17 06:00:06]   critical_unassigned: 0 sent
[2026-06-17 06:00:06]   high_revision: 0 sent
[2026-06-17 06:00:06]   overload_alerts: 0 sent
[2026-06-17 06:00:06] alerts END — total sent: 0
[2026-06-17 06:00:09] Briefing generated: OK
[2026-06-17 06:00:09] ai_daily_briefing END
[2026-06-17 06:30:03] sla_check START
[2026-06-17 06:30:03] SLA overdue flagged: 0
[2026-06-17 06:30:03] Priority scores recalculated
[2026-06-17 06:30:03] sla_check END
[2026-06-17 07:00:03] alerts START
[2026-06-17 07:00:03] sla_check START
[2026-06-17 07:00:03] SLA overdue flagged: 0
[2026-06-17 07:00:03] Priority scores recalculated
[2026-06-17 07:00:03] sla_check END
[2026-06-17 07:00:03]   deadline_alerts: 0 sent
[2026-06-17 07:00:03]   critical_unassigned: 0 sent
[2026-06-17 07:00:03]   high_revision: 0 sent
[2026-06-17 07:00:03]   overload_alerts: 0 sent
[2026-06-17 07:00:03] alerts END — total sent: 0
[2026-06-17 07:30:04] sla_check START
[2026-06-17 07:30:05] SLA overdue flagged: 0
[2026-06-17 07:30:05] Priority scores recalculated
[2026-06-17 07:30:05] sla_check END
[2026-06-17 08:00:05] sla_check START
[2026-06-17 08:00:05] alerts START
[2026-06-17 08:00:05] SLA overdue flagged: 0
[2026-06-17 08:00:05] Priority scores recalculated
[2026-06-17 08:00:05] sla_check END
[2026-06-17 08:00:05]   deadline_alerts: 0 sent
[2026-06-17 08:00:05]   critical_unassigned: 0 sent
[2026-06-17 08:00:05]   high_revision: 0 sent
[2026-06-17 08:00:05]   overload_alerts: 0 sent
[2026-06-17 08:00:05] alerts END — total sent: 0
[2026-06-17 08:30:04] sla_check START
[2026-06-17 08:30:04] SLA overdue flagged: 0
[2026-06-17 08:30:04] Priority scores recalculated
[2026-06-17 08:30:04] sla_check END
[2026-06-17 09:00:07] alerts START
[2026-06-17 09:00:07] sla_check START
[2026-06-17 09:00:07] SLA overdue flagged: 0
[2026-06-17 09:00:07] Priority scores recalculated
[2026-06-17 09:00:07] sla_check END
[2026-06-17 09:00:07]   deadline_alerts: 0 sent
[2026-06-17 09:00:07]   critical_unassigned: 0 sent
[2026-06-17 09:00:07]   high_revision: 0 sent
[2026-06-17 09:00:07]   overload_alerts: 0 sent
[2026-06-17 09:00:07] alerts END — total sent: 0
[2026-06-17 09:30:05] sla_check START
[2026-06-17 09:30:05] SLA overdue flagged: 0
[2026-06-17 09:30:05] Priority scores recalculated
[2026-06-17 09:30:05] sla_check END
[2026-06-17 10:00:04] ai_insights START
[2026-06-17 10:00:05] sla_check START
[2026-06-17 10:00:05] alerts START
[2026-06-17 10:00:05] SLA overdue flagged: 0
[2026-06-17 10:00:05] Priority scores recalculated
[2026-06-17 10:00:05] sla_check END
[2026-06-17 10:00:05]   deadline_alerts: 0 sent
[2026-06-17 10:00:05]   critical_unassigned: 0 sent
[2026-06-17 10:00:05]   high_revision: 0 sent
[2026-06-17 10:00:05]   overload_alerts: 0 sent
[2026-06-17 10:00:05] alerts END — total sent: 0
[2026-06-17 10:00:06]   insight[bottleneck]: OK
[2026-06-17 10:00:08]   insight[performance]: OK
[2026-06-17 10:00:10]   insight[product]: OK
[2026-06-17 10:00:12]   insight[priority_rec]: OK
[2026-06-17 10:00:14]   insight[forecast]: OK
[2026-06-17 10:00:16]   insight[team_ranking]: OK
[2026-06-17 10:00:16] ai_insights END — 6 insights processed
[2026-06-17 10:30:04] sla_check START
[2026-06-17 10:30:04] SLA overdue flagged: 0
[2026-06-17 10:30:04] Priority scores recalculated
[2026-06-17 10:30:04] sla_check END
[2026-06-17 11:00:03] sla_check START
[2026-06-17 11:00:03] alerts START
[2026-06-17 11:00:03]   deadline_alerts: 1 sent
[2026-06-17 11:00:03]   critical_unassigned: 0 sent
[2026-06-17 11:00:03]   high_revision: 0 sent
[2026-06-17 11:00:03]   overload_alerts: 0 sent
[2026-06-17 11:00:03] alerts END — total sent: 1
[2026-06-17 11:00:03] SLA overdue flagged: 0
[2026-06-17 11:00:03] Priority scores recalculated
[2026-06-17 11:00:03] sla_check END
[2026-06-17 11:30:04] sla_check START
[2026-06-17 11:30:05] SLA overdue flagged: 0
[2026-06-17 11:30:05] Priority scores recalculated
[2026-06-17 11:30:05] sla_check END
[2026-06-17 12:00:05] alerts START
[2026-06-17 12:00:06] sla_check START
[2026-06-17 12:00:06] SLA overdue flagged: 0
[2026-06-17 12:00:06] Priority scores recalculated
[2026-06-17 12:00:06] sla_check END
[2026-06-17 12:00:06]   deadline_alerts: 0 sent
[2026-06-17 12:00:06]   critical_unassigned: 0 sent
[2026-06-17 12:00:06]   high_revision: 0 sent
[2026-06-17 12:00:06]   overload_alerts: 0 sent
[2026-06-17 12:00:06] alerts END — total sent: 0
[2026-06-17 12:30:03] sla_check START
[2026-06-17 12:30:03] SLA overdue flagged: 0
[2026-06-17 12:30:03] Priority scores recalculated
[2026-06-17 12:30:03] sla_check END
[2026-06-17 13:00:05] sla_check START
[2026-06-17 13:00:05] alerts START
[2026-06-17 13:00:05]   deadline_alerts: 0 sent
[2026-06-17 13:00:05]   critical_unassigned: 0 sent
[2026-06-17 13:00:05]   high_revision: 0 sent
[2026-06-17 13:00:05]   overload_alerts: 0 sent
[2026-06-17 13:00:05] alerts END — total sent: 0
[2026-06-17 13:00:05] SLA overdue flagged: 0
[2026-06-17 13:00:05] Priority scores recalculated
[2026-06-17 13:00:05] sla_check END
[2026-06-17 13:30:04] sla_check START
[2026-06-17 13:30:04] SLA overdue flagged: 0
[2026-06-17 13:30:04] Priority scores recalculated
[2026-06-17 13:30:04] sla_check END
[2026-06-17 14:00:06] alerts START
[2026-06-17 14:00:06] sla_check START
[2026-06-17 14:00:06] SLA overdue flagged: 0
[2026-06-17 14:00:07] Priority scores recalculated
[2026-06-17 14:00:07] sla_check END
[2026-06-17 14:00:08]   deadline_alerts: 1 sent
[2026-06-17 14:00:08]   critical_unassigned: 0 sent
[2026-06-17 14:00:08]   high_revision: 0 sent
[2026-06-17 14:00:08]   overload_alerts: 0 sent
[2026-06-17 14:00:08] alerts END — total sent: 1
[2026-06-17 14:30:03] sla_check START
[2026-06-17 14:30:03] SLA overdue flagged: 0
[2026-06-17 14:30:03] Priority scores recalculated
[2026-06-17 14:30:03] sla_check END
[2026-06-17 15:00:04] sla_check START
[2026-06-17 15:00:04] alerts START
[2026-06-17 15:00:04]   deadline_alerts: 0 sent
[2026-06-17 15:00:04]   critical_unassigned: 0 sent
[2026-06-17 15:00:04]   high_revision: 0 sent
[2026-06-17 15:00:04]   overload_alerts: 0 sent
[2026-06-17 15:00:04] alerts END — total sent: 0
[2026-06-17 15:00:04] SLA overdue flagged: 0
[2026-06-17 15:00:04] ai_insights START
[2026-06-17 15:00:04] Priority scores recalculated
[2026-06-17 15:00:04] sla_check END
[2026-06-17 15:00:07]   insight[bottleneck]: OK
[2026-06-17 15:00:09]   insight[performance]: OK
[2026-06-17 15:00:11]   insight[product]: OK
[2026-06-17 15:00:13]   insight[priority_rec]: OK
[2026-06-17 15:00:15]   insight[forecast]: OK
[2026-06-17 15:00:17]   insight[team_ranking]: OK
[2026-06-17 15:00:17] ai_insights END — 6 insights processed
[2026-06-17 15:30:03] sla_check START
[2026-06-17 15:30:04] SLA overdue flagged: 0
[2026-06-17 15:30:04] Priority scores recalculated
[2026-06-17 15:30:04] sla_check END
[2026-06-17 16:00:04] alerts START
[2026-06-17 16:00:04] sla_check START
[2026-06-17 16:00:04] SLA overdue flagged: 0
[2026-06-17 16:00:04] Priority scores recalculated
[2026-06-17 16:00:04] sla_check END
[2026-06-17 16:00:04]   deadline_alerts: 0 sent
[2026-06-17 16:00:04]   critical_unassigned: 0 sent
[2026-06-17 16:00:04]   high_revision: 0 sent
[2026-06-17 16:00:04]   overload_alerts: 0 sent
[2026-06-17 16:00:04] alerts END — total sent: 0
[2026-06-17 16:30:04] sla_check START
[2026-06-17 16:30:04] SLA overdue flagged: 0
[2026-06-17 16:30:04] Priority scores recalculated
[2026-06-17 16:30:04] sla_check END
[2026-06-17 17:00:04] sla_check START
[2026-06-17 17:00:04] alerts START
[2026-06-17 17:00:04] SLA overdue flagged: 0
[2026-06-17 17:00:04] Priority scores recalculated
[2026-06-17 17:00:04] sla_check END
[2026-06-17 17:00:04]   deadline_alerts: 0 sent
[2026-06-17 17:00:04]   critical_unassigned: 0 sent
[2026-06-17 17:00:04]   high_revision: 0 sent
[2026-06-17 17:00:04]   overload_alerts: 0 sent
[2026-06-17 17:00:04] alerts END — total sent: 0
[2026-06-17 17:30:05] sla_check START
[2026-06-17 17:30:06] SLA overdue flagged: 0
[2026-06-17 17:30:06] Priority scores recalculated
[2026-06-17 17:30:06] sla_check END
[2026-06-17 18:00:05] alerts START
[2026-06-17 18:00:05] sla_check START
[2026-06-17 18:00:05]   deadline_alerts: 0 sent
[2026-06-17 18:00:05]   critical_unassigned: 0 sent
[2026-06-17 18:00:05]   high_revision: 0 sent
[2026-06-17 18:00:05]   overload_alerts: 0 sent
[2026-06-17 18:00:05] alerts END — total sent: 0
[2026-06-17 18:00:05] SLA overdue flagged: 0
[2026-06-17 18:00:05] Priority scores recalculated
[2026-06-17 18:00:05] sla_check END
[2026-06-17 18:30:05] sla_check START
[2026-06-17 18:30:06] SLA overdue flagged: 0
[2026-06-17 18:30:08] Priority scores recalculated
[2026-06-17 18:30:08] sla_check END
[2026-06-17 19:00:04] alerts START
[2026-06-17 19:00:04] sla_check START
[2026-06-17 19:00:04] SLA overdue flagged: 0
[2026-06-17 19:00:04]   deadline_alerts: 0 sent
[2026-06-17 19:00:04]   critical_unassigned: 0 sent
[2026-06-17 19:00:04]   high_revision: 0 sent
[2026-06-17 19:00:04]   overload_alerts: 0 sent
[2026-06-17 19:00:04] alerts END — total sent: 0
[2026-06-17 19:00:04] Priority scores recalculated
[2026-06-17 19:00:04] sla_check END
[2026-06-17 19:30:04] sla_check START
[2026-06-17 19:30:04] SLA overdue flagged: 0
[2026-06-17 19:30:04] Priority scores recalculated
[2026-06-17 19:30:04] sla_check END
[2026-06-17 20:00:03] alerts START
[2026-06-17 20:00:04]   deadline_alerts: 0 sent
[2026-06-17 20:00:04]   critical_unassigned: 0 sent
[2026-06-17 20:00:04]   high_revision: 0 sent
[2026-06-17 20:00:04]   overload_alerts: 0 sent
[2026-06-17 20:00:04] alerts END — total sent: 0
[2026-06-17 20:00:04] sla_check START
[2026-06-17 20:00:04] SLA overdue flagged: 0
[2026-06-17 20:00:04] Priority scores recalculated
[2026-06-17 20:00:04] sla_check END
[2026-06-17 20:30:04] sla_check START
[2026-06-17 20:30:04] SLA overdue flagged: 0
[2026-06-17 20:30:04] Priority scores recalculated
[2026-06-17 20:30:04] sla_check END
[2026-06-17 21:00:04] alerts START
[2026-06-17 21:00:04]   deadline_alerts: 0 sent
[2026-06-17 21:00:04]   critical_unassigned: 0 sent
[2026-06-17 21:00:04]   high_revision: 0 sent
[2026-06-17 21:00:04]   overload_alerts: 0 sent
[2026-06-17 21:00:04] alerts END — total sent: 0
[2026-06-17 21:00:04] sla_check START
[2026-06-17 21:00:04] SLA overdue flagged: 0
[2026-06-17 21:00:04] Priority scores recalculated
[2026-06-17 21:00:04] sla_check END
[2026-06-17 21:30:03] sla_check START
[2026-06-17 21:30:04] SLA overdue flagged: 0
[2026-06-17 21:30:04] Priority scores recalculated
[2026-06-17 21:30:04] sla_check END
[2026-06-17 22:00:04] alerts START
[2026-06-17 22:00:04] sla_check START
[2026-06-17 22:00:04]   deadline_alerts: 0 sent
[2026-06-17 22:00:04]   critical_unassigned: 0 sent
[2026-06-17 22:00:04]   high_revision: 0 sent
[2026-06-17 22:00:04]   overload_alerts: 0 sent
[2026-06-17 22:00:04] alerts END — total sent: 0
[2026-06-17 22:00:04] SLA overdue flagged: 0
[2026-06-17 22:00:04] Priority scores recalculated
[2026-06-17 22:00:04] sla_check END
[2026-06-17 22:30:03] sla_check START
[2026-06-17 22:30:03] SLA overdue flagged: 0
[2026-06-17 22:30:03] Priority scores recalculated
[2026-06-17 22:30:03] sla_check END
[2026-06-17 23:00:03] alerts START
[2026-06-17 23:00:03] sla_check START
[2026-06-17 23:00:03]   deadline_alerts: 0 sent
[2026-06-17 23:00:03]   critical_unassigned: 0 sent
[2026-06-17 23:00:03]   high_revision: 0 sent
[2026-06-17 23:00:03]   overload_alerts: 0 sent
[2026-06-17 23:00:03] alerts END — total sent: 0
[2026-06-17 23:00:03] SLA overdue flagged: 0
[2026-06-17 23:00:03] Priority scores recalculated
[2026-06-17 23:00:03] sla_check END
[2026-06-17 23:30:03] workload_snapshot START
[2026-06-17 23:30:03] sla_check START
[2026-06-17 23:30:03] SLA overdue flagged: 0
[2026-06-17 23:30:03] Priority scores recalculated
[2026-06-17 23:30:03] sla_check END
[2026-06-17 23:30:03] Snapshot taken for 2026-06-17
[2026-06-17 23:30:03] workload_snapshot END
[2026-06-17 23:55:03] kpi_calculator START
[2026-06-17 23:55:03] KPI updated uid=3: creative=0 sla=0 completion=0
[2026-06-17 23:55:03] KPI updated uid=6: creative=0 sla=0 completion=0
[2026-06-17 23:55:03] kpi_calculator END — processed: 2
