[2026-06-16 18:30:03] sla_check START
[2026-06-16 18:30:03] SLA overdue flagged: 0
[2026-06-16 18:30:03] Priority scores recalculated
[2026-06-16 18:30:03] sla_check END
[2026-06-16 19:00:03] sla_check START
[2026-06-16 19:00:03] alerts START
[2026-06-16 19:00:03]   deadline_alerts: 0 sent
[2026-06-16 19:00:03]   critical_unassigned: 0 sent
[2026-06-16 19:00:03]   high_revision: 0 sent
[2026-06-16 19:00:03]   overload_alerts: 0 sent
[2026-06-16 19:00:03] alerts END — total sent: 0
[2026-06-16 19:00:03] SLA overdue flagged: 0
[2026-06-16 19:00:03] Priority scores recalculated
[2026-06-16 19:00:03] sla_check END
[2026-06-16 19:11:15] sla_check START
[2026-06-16 19:11:15] SLA overdue flagged: 0
[2026-06-16 19:11:15] Priority scores recalculated
[2026-06-16 19:11:15] sla_check END
[2026-06-16 19:17:11] alerts START
[2026-06-16 19:17:11]   deadline_alerts: 0 sent
[2026-06-16 19:17:11]   critical_unassigned: 0 sent
[2026-06-16 19:17:11]   high_revision: 0 sent
[2026-06-16 19:17:11]   overload_alerts: 0 sent
[2026-06-16 19:17:11] alerts END — total sent: 0
[2026-06-16 19:18:12] ai_daily_briefing START
[2026-06-16 19:18:14] Briefing generated: OK
[2026-06-16 19:18:14] ai_daily_briefing END
[2026-06-16 19:18:47] ai_insights START
[2026-06-16 19:18:49]   insight[bottleneck]: OK
[2026-06-16 19:18:51]   insight[performance]: OK
[2026-06-16 19:18:53]   insight[product]: OK
[2026-06-16 19:18:54]   insight[priority_rec]: OK
[2026-06-16 19:18:56]   insight[forecast]: OK
[2026-06-16 19:18:58]   insight[team_ranking]: OK
[2026-06-16 19:18:58] ai_insights END — 6 insights processed
[2026-06-16 19:20:23] workload_snapshot START
[2026-06-16 19:20:23] Snapshot taken for 2026-06-16
[2026-06-16 19:20:23] workload_snapshot END
[2026-06-16 19:21:40] kpi_calculator START
[2026-06-16 19:21:40] kpi_calculator END — processed: 0
[2026-06-16 19:30:03] sla_check START
[2026-06-16 19:30:03] SLA overdue flagged: 0
[2026-06-16 19:30:03] Priority scores recalculated
[2026-06-16 19:30:03] sla_check END
[2026-06-16 19:54:43] ai_insights START
[2026-06-16 19:54:44]   insight[bottleneck]: OK
[2026-06-16 19:54:46]   insight[performance]: OK
[2026-06-16 19:54:47]   insight[product]: OK
[2026-06-16 19:54:49]   insight[priority_rec]: OK
[2026-06-16 19:54:50]   insight[forecast]: OK
[2026-06-16 19:54:51]   insight[team_ranking]: OK
[2026-06-16 19:54:51] ai_insights END — 6 insights processed
[2026-06-16 19:55:00] ai_insights START
[2026-06-16 19:55:02]   insight[bottleneck]: OK
[2026-06-16 19:55:04]   insight[performance]: OK
[2026-06-16 19:55:05]   insight[product]: OK
[2026-06-16 19:55:07]   insight[priority_rec]: OK
[2026-06-16 19:55:08]   insight[forecast]: OK
[2026-06-16 19:55:10]   insight[team_ranking]: OK
[2026-06-16 19:55:10] ai_insights END — 6 insights processed
[2026-06-16 20:00:04] sla_check START
[2026-06-16 20:00:04] SLA overdue flagged: 0
[2026-06-16 20:00:04] Priority scores recalculated
[2026-06-16 20:00:04] sla_check END
[2026-06-16 20:00:04] alerts START
[2026-06-16 20:00:04]   deadline_alerts: 0 sent
[2026-06-16 20:00:04]   critical_unassigned: 0 sent
[2026-06-16 20:00:04]   high_revision: 0 sent
[2026-06-16 20:00:04]   overload_alerts: 0 sent
[2026-06-16 20:00:04] alerts END — total sent: 0
[2026-06-16 20:30:04] sla_check START
[2026-06-16 20:30:04] SLA overdue flagged: 0
[2026-06-16 20:30:04] Priority scores recalculated
[2026-06-16 20:30:04] sla_check END
[2026-06-16 21:00:04] alerts START
[2026-06-16 21:00:04] sla_check START
[2026-06-16 21:00:04] SLA overdue flagged: 0
[2026-06-16 21:00:04] Priority scores recalculated
[2026-06-16 21:00:04] sla_check END
[2026-06-16 21:00:04]   deadline_alerts: 0 sent
[2026-06-16 21:00:04]   critical_unassigned: 0 sent
[2026-06-16 21:00:04]   high_revision: 0 sent
[2026-06-16 21:00:04]   overload_alerts: 0 sent
[2026-06-16 21:00:04] alerts END — total sent: 0
[2026-06-16 21:16:48] kpi_calculator START
[2026-06-16 21:16:48] KPI updated uid=3: creative=0 sla=0 completion=0
[2026-06-16 21:16:48] kpi_calculator END — processed: 1
[2026-06-16 21:30:04] sla_check START
[2026-06-16 21:30:04] SLA overdue flagged: 0
[2026-06-16 21:30:04] Priority scores recalculated
[2026-06-16 21:30:05] sla_check END
[2026-06-16 21:34:45] kpi_calculator START
[2026-06-16 21:34:45] KPI updated uid=3: creative=0 sla=0 completion=0
[2026-06-16 21:34:45] kpi_calculator END — processed: 1
[2026-06-16 21:38:31] kpi_calculator START
[2026-06-16 21:38:31] KPI updated uid=3: creative=0 sla=0 completion=0
[2026-06-16 21:38:31] kpi_calculator END — processed: 1
[2026-06-16 22:00:07] sla_check START
[2026-06-16 22:00:07] alerts START
[2026-06-16 22:00:08]   deadline_alerts: 0 sent
[2026-06-16 22:00:08]   critical_unassigned: 0 sent
[2026-06-16 22:00:08]   high_revision: 0 sent
[2026-06-16 22:00:08]   overload_alerts: 0 sent
[2026-06-16 22:00:08] alerts END — total sent: 0
[2026-06-16 22:00:08] SLA overdue flagged: 0
[2026-06-16 22:00:08] Priority scores recalculated
[2026-06-16 22:00:08] sla_check END
[2026-06-16 22:30:05] sla_check START
[2026-06-16 22:30:05] SLA overdue flagged: 0
[2026-06-16 22:30:05] Priority scores recalculated
[2026-06-16 22:30:05] sla_check END
[2026-06-16 23:00:03] alerts START
[2026-06-16 23:00:03]   deadline_alerts: 0 sent
[2026-06-16 23:00:03]   critical_unassigned: 0 sent
[2026-06-16 23:00:03]   high_revision: 0 sent
[2026-06-16 23:00:03]   overload_alerts: 0 sent
[2026-06-16 23:00:03] alerts END — total sent: 0
[2026-06-16 23:00:03] sla_check START
[2026-06-16 23:00:03] SLA overdue flagged: 0
[2026-06-16 23:00:03] Priority scores recalculated
[2026-06-16 23:00:03] sla_check END
[2026-06-16 23:30:03] sla_check START
[2026-06-16 23:30:03] workload_snapshot START
[2026-06-16 23:30:03] SLA overdue flagged: 0
[2026-06-16 23:30:03] Priority scores recalculated
[2026-06-16 23:30:03] sla_check END
[2026-06-16 23:30:03] Snapshot taken for 2026-06-16
[2026-06-16 23:30:04] workload_snapshot END
[2026-06-16 23:55:02] kpi_calculator START
[2026-06-16 23:55:03] KPI updated uid=3: creative=0 sla=0 completion=0
[2026-06-16 23:55:03] KPI updated uid=6: creative=0 sla=0 completion=0
[2026-06-16 23:55:03] kpi_calculator END — processed: 2
